-------------------------------------------------------------------------------
Test set: com.roms.microservice.componentprocessing.controller.ComponentProcessingServiceCotrollerTest
-------------------------------------------------------------------------------
Tests run: 1, Failures: 1, Errors: 0, Skipped: 0, Time elapsed: 3.969 s <<< FAILURE! - in com.roms.microservice.componentprocessing.controller.ComponentProcessingServiceCotrollerTest
createReturnRequestTest  Time elapsed: 0.131 s  <<< FAILURE!
java.lang.AssertionError: expected:<201> but was:<404>
	at com.roms.microservice.componentprocessing.controller.ComponentProcessingServiceCotrollerTest.createReturnRequestTest(ComponentProcessingServiceCotrollerTest.java:63)

