<?xml version="1.0" encoding="UTF-8"?>
<testsuite xmlns:xsi="http://www.w3.org/2001/XMLSchema-instance" xsi:noNamespaceSchemaLocation="https://maven.apache.org/surefire/maven-surefire-plugin/xsd/surefire-test-report.xsd" name="com.roms.microservice.componentprocessing.controller.ComponentProcessingServiceCotrollerTest" time="3.969" tests="1" errors="0" skipped="0" failures="1">
  <properties>
[...]
</properties>
  <testcase name="createReturnRequestTest" classname="com.roms.microservice.componentprocessing.controller.ComponentProcessingServiceCotrollerTest" time="0.131">
    <failure message="expected:&lt;201&gt; but was:&lt;404&gt;" type="java.lang.AssertionError"><![CDATA[java.lang.AssertionError: expected:<201> but was:<404>
	at com.roms.microservice.componentprocessing.controller.ComponentProcessingServiceCotrollerTest.createReturnRequestTest(ComponentProcessingServiceCotrollerTest.java:63)
]]></failure>
    <system-out><![CDATA[2022-08-17 09:55:18.998  INFO [component-processing-service,,] 22980 --- [           main] .b.t.c.SpringBootTestContextBootstrapper : Neither @ContextConfiguration nor @ContextHierarchy found for test class [com.roms.microservice.componentprocessing.controller.ComponentProcessingServiceCotrollerTest], using SpringBootContextLoader
2022-08-17 09:55:19.001  INFO [component-processing-service,,] 22980 --- [           main] o.s.t.c.support.AbstractContextLoader    : Could not detect default resource locations for test class [com.roms.microservice.componentprocessing.controller.ComponentProcessingServiceCotrollerTest]: no resource found for suffixes {-context.xml, Context.groovy}.
2022-08-17 09:55:19.028  INFO [component-processing-service,,] 22980 --- [           main] .b.t.c.SpringBootTestContextBootstrapper : Loaded default TestExecutionListener class names from location [META-INF/spring.factories]: [org.springframework.boot.test.mock.mockito.MockitoTestExecutionListener, org.springframework.boot.test.mock.mockito.ResetMocksTestExecutionListener, org.springframework.boot.test.autoconfigure.restdocs.RestDocsTestExecutionListener, org.springframework.boot.test.autoconfigure.web.client.MockRestServiceServerResetTestExecutionListener, org.springframework.boot.test.autoconfigure.web.servlet.MockMvcPrintOnlyOnFailureTestExecutionListener, org.springframework.boot.test.autoconfigure.web.servlet.WebDriverTestExecutionListener, org.springframework.boot.test.autoconfigure.webservices.client.MockWebServiceServerTestExecutionListener, org.springframework.test.context.web.ServletTestExecutionListener, org.springframework.test.context.support.DirtiesContextBeforeModesTestExecutionListener, org.springframework.test.context.event.ApplicationEventsTestExecutionListener, org.springframework.test.context.support.DependencyInjectionTestExecutionListener, org.springframework.test.context.support.DirtiesContextTestExecutionListener, org.springframework.test.context.transaction.TransactionalTestExecutionListener, org.springframework.test.context.jdbc.SqlScriptsTestExecutionListener, org.springframework.test.context.event.EventPublishingTestExecutionListener]
2022-08-17 09:55:19.029  INFO [component-processing-service,,] 22980 --- [           main] .b.t.c.SpringBootTestContextBootstrapper : Using TestExecutionListeners: [org.springframework.test.context.web.ServletTestExecutionListener@19a920d1, org.springframework.test.context.support.DirtiesContextBeforeModesTestExecutionListener@6c861b25, org.springframework.test.context.event.ApplicationEventsTestExecutionListener@73ccc475, org.springframework.boot.test.mock.mockito.MockitoTestExecutionListener@4184bced, org.springframework.boot.test.autoconfigure.SpringBootDependencyInjectionTestExecutionListener@117bb3a4, org.springframework.test.context.support.DirtiesContextTestExecutionListener@4d78dd9d, org.springframework.test.context.transaction.TransactionalTestExecutionListener@5802572b, org.springframework.test.context.jdbc.SqlScriptsTestExecutionListener@3c05fb12, org.springframework.test.context.event.EventPublishingTestExecutionListener@702f99a5, org.springframework.boot.test.mock.mockito.ResetMocksTestExecutionListener@7b303608, org.springframework.boot.test.autoconfigure.restdocs.RestDocsTestExecutionListener@31419d4a, org.springframework.boot.test.autoconfigure.web.client.MockRestServiceServerResetTestExecutionListener@220f2d1b, org.springframework.boot.test.autoconfigure.web.servlet.MockMvcPrintOnlyOnFailureTestExecutionListener@2ee16a4e, org.springframework.boot.test.autoconfigure.web.servlet.WebDriverTestExecutionListener@541b89ec, org.springframework.boot.test.autoconfigure.webservices.client.MockWebServiceServerTestExecutionListener@698df5e8]

  .   ____          _            __ _ _
 /\\ / ___'_ __ _ _(_)_ __  __ _ \ \ \ \
( ( )\___ | '_ | '_| | '_ \/ _` | \ \ \ \
 \\/  ___)| |_)| | | | | || (_| |  ) ) ) )
  '  |____| .__|_| |_|_| |_\__, | / / / /
 =========|_|==============|___/=/_/_/_/
 :: Spring Boot ::               (v2.5.13)

2022-08-17 09:55:19.191  INFO [component-processing-service,,] 22980 --- [           main] .ComponentProcessingServiceCotrollerTest : Starting ComponentProcessingServiceCotrollerTest using Java 14.0.2 on LTIN293674 with PID 22980 (started by 892961 in C:\FSE0\Mine\pj\FinalProject\pj-Adithya\Adithya-ReturnOrder\Adithya-Return-Order-Management-System-main\Component-Processing-Service)
2022-08-17 09:55:19.191  INFO [component-processing-service,,] 22980 --- [           main] .ComponentProcessingServiceCotrollerTest : No active profile set, falling back to 1 default profile: "default"
2022-08-17 09:55:20.048  INFO [component-processing-service,,] 22980 --- [           main] .s.d.r.c.RepositoryConfigurationDelegate : Bootstrapping Spring Data JPA repositories in DEFAULT mode.
2022-08-17 09:55:20.076  INFO [component-processing-service,,] 22980 --- [           main] .s.d.r.c.RepositoryConfigurationDelegate : Finished Spring Data repository scanning in 27 ms. Found 2 JPA repository interfaces.
2022-08-17 09:55:20.223  INFO [component-processing-service,,] 22980 --- [           main] o.s.cloud.context.scope.GenericScope     : BeanFactory id=7277fcc9-5ee6-38cb-bff6-aea6f52e45bd
2022-08-17 09:55:20.675  INFO [component-processing-service,,] 22980 --- [           main] com.zaxxer.hikari.HikariDataSource       : HikariPool-2 - Starting...
2022-08-17 09:55:20.677  INFO [component-processing-service,,] 22980 --- [           main] com.zaxxer.hikari.HikariDataSource       : HikariPool-2 - Start completed.
2022-08-17 09:55:20.693  INFO [component-processing-service,,] 22980 --- [           main] o.hibernate.jpa.internal.util.LogHelper  : HHH000204: Processing PersistenceUnitInfo [name: default]
2022-08-17 09:55:20.700  INFO [component-processing-service,,] 22980 --- [           main] org.hibernate.dialect.Dialect            : HHH000400: Using dialect: org.hibernate.dialect.H2Dialect
2022-08-17 09:55:20.761  INFO [component-processing-service,,] 22980 --- [           main] o.h.e.t.j.p.i.JtaPlatformInitiator       : HHH000490: Using JtaPlatform implementation: [org.hibernate.engine.transaction.jta.platform.internal.NoJtaPlatform]
2022-08-17 09:55:20.761  INFO [component-processing-service,,] 22980 --- [           main] j.LocalContainerEntityManagerFactoryBean : Initialized JPA EntityManagerFactory for persistence unit 'default'
2022-08-17 09:55:21.578  WARN [component-processing-service,,] 22980 --- [           main] JpaBaseConfiguration$JpaWebConfiguration : spring.jpa.open-in-view is enabled by default. Therefore, database queries may be performed during view rendering. Explicitly configure spring.jpa.open-in-view to disable this warning
2022-08-17 09:55:21.862  INFO [component-processing-service,,] 22980 --- [           main] o.s.b.a.h2.H2ConsoleAutoConfiguration    : H2 console available at '/h2-console'. Database available at 'jdbc:h2:mem:components'
2022-08-17 09:55:22.310  INFO [component-processing-service,,] 22980 --- [           main] o.s.b.a.e.web.EndpointLinksResolver      : Exposing 1 endpoint(s) beneath base path '/actuator'
2022-08-17 09:55:23.504  INFO [component-processing-service,,] 22980 --- [           main] o.s.b.t.m.w.SpringBootMockServletContext : Initializing Spring TestDispatcherServlet ''
2022-08-17 09:55:23.505  INFO [component-processing-service,,] 22980 --- [           main] o.s.t.web.servlet.TestDispatcherServlet  : Initializing Servlet ''
2022-08-17 09:55:23.507  INFO [component-processing-service,,] 22980 --- [           main] o.s.t.web.servlet.TestDispatcherServlet  : Completed initialization in 2 ms
2022-08-17 09:55:24.178  INFO [component-processing-service,,] 22980 --- [           main] .ComponentProcessingServiceCotrollerTest : Started ComponentProcessingServiceCotrollerTest in 5.146 seconds (JVM running for 22.084)
2022-08-17 09:55:24.180  INFO [component-processing-service,,] 22980 --- [           main] .c.ComponentProcessingServiceApplication : Inserting Processing Charge Details
2022-08-17 09:55:24.187 TRACE [component-processing-service,,] 22980 --- [           main] o.h.type.descriptor.sql.BasicBinder      : binding parameter [1] as [DATE] - [2022-08-17]
2022-08-17 09:55:24.187 TRACE [component-processing-service,,] 22980 --- [           main] o.h.type.descriptor.sql.BasicBinder      : binding parameter [2] as [VARCHAR] - [INTEGRAL]
2022-08-17 09:55:24.187 TRACE [component-processing-service,,] 22980 --- [           main] o.h.type.descriptor.sql.BasicBinder      : binding parameter [3] as [INTEGER] - [5]
2022-08-17 09:55:24.188 TRACE [component-processing-service,,] 22980 --- [           main] o.h.type.descriptor.sql.BasicBinder      : binding parameter [4] as [NUMERIC] - [500]
2022-08-17 09:55:24.188 TRACE [component-processing-service,,] 22980 --- [           main] o.h.type.descriptor.sql.BasicBinder      : binding parameter [5] as [DATE] - [2022-08-17]
2022-08-17 09:55:24.188 TRACE [component-processing-service,,] 22980 --- [           main] o.h.type.descriptor.sql.BasicBinder      : binding parameter [6] as [INTEGER] - [1]
2022-08-17 09:55:24.191 TRACE [component-processing-service,,] 22980 --- [           main] o.h.type.descriptor.sql.BasicBinder      : binding parameter [1] as [DATE] - [2022-08-17]
2022-08-17 09:55:24.192 TRACE [component-processing-service,,] 22980 --- [           main] o.h.type.descriptor.sql.BasicBinder      : binding parameter [2] as [VARCHAR] - [ACCESSORY]
2022-08-17 09:55:24.192 TRACE [component-processing-service,,] 22980 --- [           main] o.h.type.descriptor.sql.BasicBinder      : binding parameter [3] as [INTEGER] - [2]
2022-08-17 09:55:24.192 TRACE [component-processing-service,,] 22980 --- [           main] o.h.type.descriptor.sql.BasicBinder      : binding parameter [4] as [NUMERIC] - [300]
2022-08-17 09:55:24.192 TRACE [component-processing-service,,] 22980 --- [           main] o.h.type.descriptor.sql.BasicBinder      : binding parameter [5] as [DATE] - [2022-08-17]
2022-08-17 09:55:24.192 TRACE [component-processing-service,,] 22980 --- [           main] o.h.type.descriptor.sql.BasicBinder      : binding parameter [6] as [INTEGER] - [2]
2022-08-17 09:55:24.193  INFO [component-processing-service,,] 22980 --- [           main] .c.ComponentProcessingServiceApplication : Processing charge details insertion completed

MockHttpServletRequest:
      HTTP Method = POST
      Request URI = /return-component/createReturnRequest
       Parameters = {}
          Headers = [Content-Type:"application/json;charset=UTF-8", Authorization:"eyJhbGciOiJIUzI1NiJ9.eyJzdWIiOiJHYW5lc2giLCJpYXQiOjE2NTI2MjQ5MjYsImV4cCI6OTIyMzM3MjAzNjg1NDc3NX0.-kpj4_dVZz8NJ2bi1Qn5-h8bXsjuA_WhzyTphhDFA_o", Content-Length:"146"]
             Body = {"name":"Ganesh","contactNumber":1234567890,"defectiveComponentDetail":{"componentName":"Component Name","componentType":"INTEGRAL","quantity":1}}
    Session Attrs = {}

Handler:
             Type = org.springframework.web.servlet.resource.ResourceHttpRequestHandler

Async:
    Async started = false
     Async result = null

Resolved Exception:
             Type = null

ModelAndView:
        View name = null
             View = null
            Model = null

FlashMap:
       Attributes = null

MockHttpServletResponse:
           Status = 404
    Error message = null
          Headers = [Vary:"Origin", "Access-Control-Request-Method", "Access-Control-Request-Headers"]
     Content type = null
             Body = 
    Forwarded URL = null
   Redirected URL = null
          Cookies = []
]]></system-out>
  </testcase>
</testsuite>