<?xml version="1.0" encoding="UTF-8"?>
<testsuite xmlns:xsi="http://www.w3.org/2001/XMLSchema-instance" xsi:noNamespaceSchemaLocation="https://maven.apache.org/surefire/maven-surefire-plugin/xsd/surefire-test-report.xsd" name="com.returnordermanag.packaginganddeliveryservice.controller.PackagingAndDeliveryControllerTest" time="13.515" tests="3" errors="2" skipped="0" failures="1">
  <properties>
[...]
</properties>
  <testcase name="GetPackagingDeliveryChargeNegativeCountValueTest" classname="com.returnordermanag.packaginganddeliveryservice.controller.PackagingAndDeliveryControllerTest" time="0.36">
    <error message="No content to map due to end-of-input&#10; at [Source: (String)&quot;&quot;; line: 1, column: 0]" type="com.fasterxml.jackson.databind.exc.MismatchedInputException">com.fasterxml.jackson.databind.exc.MismatchedInputException: 
No content to map due to end-of-input
 at [Source: (String)""; line: 1, column: 0]
	at com.returnordermanag.packaginganddeliveryservice.controller.PackagingAndDeliveryControllerTest.GetPackagingDeliveryChargeNegativeCountValueTest(PackagingAndDeliveryControllerTest.java:63)
</error>
    <system-out><![CDATA[09:56:14.227 [main] DEBUG org.springframework.test.context.BootstrapUtils - Instantiating CacheAwareContextLoaderDelegate from class [org.springframework.test.context.cache.DefaultCacheAwareContextLoaderDelegate]
09:56:14.254 [main] DEBUG org.springframework.test.context.BootstrapUtils - Instantiating BootstrapContext using constructor [public org.springframework.test.context.support.DefaultBootstrapContext(java.lang.Class,org.springframework.test.context.CacheAwareContextLoaderDelegate)]
09:56:14.348 [main] DEBUG org.springframework.test.context.BootstrapUtils - Instantiating TestContextBootstrapper for test class [com.returnordermanag.packaginganddeliveryservice.controller.PackagingAndDeliveryControllerTest] from class [org.springframework.boot.test.context.SpringBootTestContextBootstrapper]
09:56:14.382 [main] INFO org.springframework.boot.test.context.SpringBootTestContextBootstrapper - Neither @ContextConfiguration nor @ContextHierarchy found for test class [com.returnordermanag.packaginganddeliveryservice.controller.PackagingAndDeliveryControllerTest], using SpringBootContextLoader
09:56:14.393 [main] DEBUG org.springframework.test.context.support.AbstractContextLoader - Did not detect default resource location for test class [com.returnordermanag.packaginganddeliveryservice.controller.PackagingAndDeliveryControllerTest]: class path resource [com/returnordermanag/packaginganddeliveryservice/controller/PackagingAndDeliveryControllerTest-context.xml] does not exist
09:56:14.395 [main] DEBUG org.springframework.test.context.support.AbstractContextLoader - Did not detect default resource location for test class [com.returnordermanag.packaginganddeliveryservice.controller.PackagingAndDeliveryControllerTest]: class path resource [com/returnordermanag/packaginganddeliveryservice/controller/PackagingAndDeliveryControllerTestContext.groovy] does not exist
09:56:14.396 [main] INFO org.springframework.test.context.support.AbstractContextLoader - Could not detect default resource locations for test class [com.returnordermanag.packaginganddeliveryservice.controller.PackagingAndDeliveryControllerTest]: no resource found for suffixes {-context.xml, Context.groovy}.
09:56:14.540 [main] DEBUG org.springframework.test.context.support.ActiveProfilesUtils - Could not find an 'annotation declaring class' for annotation type [org.springframework.test.context.ActiveProfiles] and class [com.returnordermanag.packaginganddeliveryservice.controller.PackagingAndDeliveryControllerTest]
09:56:14.753 [main] DEBUG org.springframework.boot.test.context.SpringBootTestContextBootstrapper - @TestExecutionListeners is not present for class [com.returnordermanag.packaginganddeliveryservice.controller.PackagingAndDeliveryControllerTest]: using defaults.
09:56:14.755 [main] INFO org.springframework.boot.test.context.SpringBootTestContextBootstrapper - Loaded default TestExecutionListener class names from location [META-INF/spring.factories]: [org.springframework.boot.test.mock.mockito.MockitoTestExecutionListener, org.springframework.boot.test.mock.mockito.ResetMocksTestExecutionListener, org.springframework.boot.test.autoconfigure.restdocs.RestDocsTestExecutionListener, org.springframework.boot.test.autoconfigure.web.client.MockRestServiceServerResetTestExecutionListener, org.springframework.boot.test.autoconfigure.web.servlet.MockMvcPrintOnlyOnFailureTestExecutionListener, org.springframework.boot.test.autoconfigure.web.servlet.WebDriverTestExecutionListener, org.springframework.boot.test.autoconfigure.webservices.client.MockWebServiceServerTestExecutionListener, org.springframework.test.context.web.ServletTestExecutionListener, org.springframework.test.context.support.DirtiesContextBeforeModesTestExecutionListener, org.springframework.test.context.event.ApplicationEventsTestExecutionListener, org.springframework.test.context.support.DependencyInjectionTestExecutionListener, org.springframework.test.context.support.DirtiesContextTestExecutionListener, org.springframework.test.context.transaction.TransactionalTestExecutionListener, org.springframework.test.context.jdbc.SqlScriptsTestExecutionListener, org.springframework.test.context.event.EventPublishingTestExecutionListener]
09:56:14.785 [main] INFO org.springframework.boot.test.context.SpringBootTestContextBootstrapper - Using TestExecutionListeners: [org.springframework.test.context.web.ServletTestExecutionListener@1cbf6e72, org.springframework.test.context.support.DirtiesContextBeforeModesTestExecutionListener@6aecbb8d, org.springframework.test.context.event.ApplicationEventsTestExecutionListener@1af146, org.springframework.boot.test.mock.mockito.MockitoTestExecutionListener@4da602fc, org.springframework.boot.test.autoconfigure.SpringBootDependencyInjectionTestExecutionListener@2a8d39c4, org.springframework.test.context.support.DirtiesContextTestExecutionListener@25b2cfcb, org.springframework.test.context.transaction.TransactionalTestExecutionListener@72758afa, org.springframework.test.context.jdbc.SqlScriptsTestExecutionListener@fb9c7aa, org.springframework.test.context.event.EventPublishingTestExecutionListener@4c398c80, org.springframework.boot.test.mock.mockito.ResetMocksTestExecutionListener@7fc6de5b, org.springframework.boot.test.autoconfigure.restdocs.RestDocsTestExecutionListener@21baa903, org.springframework.boot.test.autoconfigure.web.client.MockRestServiceServerResetTestExecutionListener@607fbe09, org.springframework.boot.test.autoconfigure.web.servlet.MockMvcPrintOnlyOnFailureTestExecutionListener@60a2630a, org.springframework.boot.test.autoconfigure.web.servlet.WebDriverTestExecutionListener@29df4d43, org.springframework.boot.test.autoconfigure.webservices.client.MockWebServiceServerTestExecutionListener@5dd91bca]
09:56:14.794 [main] DEBUG org.springframework.test.context.support.AbstractDirtiesContextTestExecutionListener - Before test class: context [DefaultTestContext@62f4ff3b testClass = PackagingAndDeliveryControllerTest, testInstance = [null], testMethod = [null], testException = [null], mergedContextConfiguration = [WebMergedContextConfiguration@1698fc68 testClass = PackagingAndDeliveryControllerTest, locations = '{}', classes = '{class com.returnordermanag.packaginganddeliveryservice.PackagingAndDeliveryServiceApplication}', contextInitializerClasses = '[]', activeProfiles = '{}', propertySourceLocations = '{}', propertySourceProperties = '{org.springframework.boot.test.context.SpringBootTestContextBootstrapper=true}', contextCustomizers = set[[ImportsContextCustomizer@4504d271 key = [org.springframework.boot.test.autoconfigure.web.servlet.MockMvcAutoConfiguration, org.springframework.boot.test.autoconfigure.web.servlet.MockMvcWebClientAutoConfiguration, org.springframework.boot.test.autoconfigure.web.servlet.MockMvcWebDriverAutoConfiguration, org.springframework.boot.autoconfigure.security.oauth2.client.servlet.OAuth2ClientAutoConfiguration, org.springframework.boot.autoconfigure.security.oauth2.resource.servlet.OAuth2ResourceServerAutoConfiguration, org.springframework.boot.autoconfigure.security.servlet.SecurityAutoConfiguration, org.springframework.boot.autoconfigure.security.servlet.SecurityFilterAutoConfiguration, org.springframework.boot.autoconfigure.security.servlet.UserDetailsServiceAutoConfiguration, org.springframework.boot.test.autoconfigure.web.servlet.MockMvcSecurityConfiguration]], org.springframework.boot.test.context.filter.ExcludeFilterContextCustomizer@69f1a286, org.springframework.boot.test.json.DuplicateJsonObjectContextCustomizerFactory$DuplicateJsonObjectContextCustomizer@345f69f3, org.springframework.boot.test.mock.mockito.MockitoContextCustomizer@0, org.springframework.boot.test.web.client.TestRestTemplateContextCustomizer@481ba2cf, org.springframework.boot.test.web.reactive.server.WebTestClientContextCustomizer@7e5c856f, org.springframework.boot.test.autoconfigure.actuate.metrics.MetricsExportContextCustomizerFactory$DisableMetricExportContextCustomizer@c7ba306, org.springframework.boot.test.autoconfigure.properties.PropertyMappingContextCustomizer@4b3fa0b3, org.springframework.boot.test.autoconfigure.web.servlet.WebDriverContextCustomizerFactory$Customizer@21ba0741, org.springframework.test.context.web.socket.MockServerContainerContextCustomizer@56673b2c, org.springframework.boot.test.context.SpringBootTestArgs@1, org.springframework.boot.test.context.SpringBootTestWebEnvironment@6743e411], resourceBasePath = 'src/main/webapp', contextLoader = 'org.springframework.boot.test.context.SpringBootContextLoader', parent = [null]], attributes = map['org.springframework.test.context.web.ServletTestExecutionListener.activateListener' -> true]], class annotated with @DirtiesContext [false] with mode [null].

  .   ____          _            __ _ _
 /\\ / ___'_ __ _ _(_)_ __  __ _ \ \ \ \
( ( )\___ | '_ | '_| | '_ \/ _` | \ \ \ \
 \\/  ___)| |_)| | | | | || (_| |  ) ) ) )
  '  |____| .__|_| |_|_| |_\__, | / / / /
 =========|_|==============|___/=/_/_/_/
 :: Spring Boot ::               (v2.5.13)

2022-08-17 09:56:15.504  INFO [packaging-and-delivery,,] 20568 --- [           main] r.p.c.PackagingAndDeliveryControllerTest : Starting PackagingAndDeliveryControllerTest using Java 14.0.2 on LTIN293674 with PID 20568 (started by 892961 in C:\FSE0\Mine\pj\FinalProject\pj-Adithya\Adithya-ReturnOrder\Adithya-Return-Order-Management-System-main\packaging-and-delivery-service)
2022-08-17 09:56:15.506  INFO [packaging-and-delivery,,] 20568 --- [           main] r.p.c.PackagingAndDeliveryControllerTest : No active profile set, falling back to 1 default profile: "default"
2022-08-17 09:56:17.250  INFO [packaging-and-delivery,,] 20568 --- [           main] .s.d.r.c.RepositoryConfigurationDelegate : Bootstrapping Spring Data JPA repositories in DEFAULT mode.
2022-08-17 09:56:17.580  INFO [packaging-and-delivery,,] 20568 --- [           main] .s.d.r.c.RepositoryConfigurationDelegate : Finished Spring Data repository scanning in 314 ms. Found 1 JPA repository interfaces.
2022-08-17 09:56:18.146  INFO [packaging-and-delivery,,] 20568 --- [           main] o.s.cloud.context.scope.GenericScope     : BeanFactory id=ae551d18-85c0-356b-919f-d35d8ff11615
2022-08-17 09:56:19.233  INFO [packaging-and-delivery,,] 20568 --- [           main] com.zaxxer.hikari.HikariDataSource       : HikariPool-1 - Starting...
2022-08-17 09:56:19.598  INFO [packaging-and-delivery,,] 20568 --- [           main] com.zaxxer.hikari.HikariDataSource       : HikariPool-1 - Start completed.
2022-08-17 09:56:19.688  INFO [packaging-and-delivery,,] 20568 --- [           main] o.hibernate.jpa.internal.util.LogHelper  : HHH000204: Processing PersistenceUnitInfo [name: default]
2022-08-17 09:56:19.802  INFO [packaging-and-delivery,,] 20568 --- [           main] org.hibernate.Version                    : HHH000412: Hibernate ORM core version 5.4.33
2022-08-17 09:56:20.061  INFO [packaging-and-delivery,,] 20568 --- [           main] o.hibernate.annotations.common.Version   : HCANN000001: Hibernate Commons Annotations {5.1.2.Final}
2022-08-17 09:56:20.331  INFO [packaging-and-delivery,,] 20568 --- [           main] org.hibernate.dialect.Dialect            : HHH000400: Using dialect: org.hibernate.dialect.H2Dialect
2022-08-17 09:56:21.295  INFO [packaging-and-delivery,,] 20568 --- [           main] o.h.e.t.j.p.i.JtaPlatformInitiator       : HHH000490: Using JtaPlatform implementation: [org.hibernate.engine.transaction.jta.platform.internal.NoJtaPlatform]
2022-08-17 09:56:21.313  INFO [packaging-and-delivery,,] 20568 --- [           main] j.LocalContainerEntityManagerFactoryBean : Initialized JPA EntityManagerFactory for persistence unit 'default'
2022-08-17 09:56:23.319  WARN [packaging-and-delivery,,] 20568 --- [           main] JpaBaseConfiguration$JpaWebConfiguration : spring.jpa.open-in-view is enabled by default. Therefore, database queries may be performed during view rendering. Explicitly configure spring.jpa.open-in-view to disable this warning
2022-08-17 09:56:23.617  INFO [packaging-and-delivery,,] 20568 --- [           main] o.s.b.a.h2.H2ConsoleAutoConfiguration    : H2 console available at '/h2-console'. Database available at 'jdbc:h2:mem:PackingAndDelivery'
2022-08-17 09:56:25.727  INFO [packaging-and-delivery,,] 20568 --- [           main] o.s.b.t.m.w.SpringBootMockServletContext : Initializing Spring TestDispatcherServlet ''
2022-08-17 09:56:25.727  INFO [packaging-and-delivery,,] 20568 --- [           main] o.s.t.web.servlet.TestDispatcherServlet  : Initializing Servlet ''
2022-08-17 09:56:25.729  INFO [packaging-and-delivery,,] 20568 --- [           main] o.s.t.web.servlet.TestDispatcherServlet  : Completed initialization in 2 ms
2022-08-17 09:56:27.126  INFO [packaging-and-delivery,,] 20568 --- [           main] r.p.c.PackagingAndDeliveryControllerTest : Started PackagingAndDeliveryControllerTest in 12.261 seconds (JVM running for 13.964)

MockHttpServletRequest:
      HTTP Method = GET
      Request URI = /packaginganddelivery/packaginganddeliverycharge/Integral/-1
       Parameters = {}
          Headers = [Content-Type:"application/json;charset=UTF-8"]
             Body = null
    Session Attrs = {}

Handler:
             Type = org.springframework.web.servlet.resource.ResourceHttpRequestHandler

Async:
    Async started = false
     Async result = null

Resolved Exception:
             Type = null

ModelAndView:
        View name = null
             View = null
            Model = null

FlashMap:
       Attributes = null

MockHttpServletResponse:
           Status = 404
    Error message = null
          Headers = [Vary:"Origin", "Access-Control-Request-Method", "Access-Control-Request-Headers"]
     Content type = null
             Body = 
    Forwarded URL = null
   Redirected URL = null
          Cookies = []
]]></system-out>
  </testcase>
  <testcase name="GetPackagingDeliveryChargeInvalidComponentTypeTest" classname="com.returnordermanag.packaginganddeliveryservice.controller.PackagingAndDeliveryControllerTest" time="0.01">
    <error message="No content to map due to end-of-input&#10; at [Source: (String)&quot;&quot;; line: 1, column: 0]" type="com.fasterxml.jackson.databind.exc.MismatchedInputException">com.fasterxml.jackson.databind.exc.MismatchedInputException: 
No content to map due to end-of-input
 at [Source: (String)""; line: 1, column: 0]
	at com.returnordermanag.packaginganddeliveryservice.controller.PackagingAndDeliveryControllerTest.GetPackagingDeliveryChargeInvalidComponentTypeTest(PackagingAndDeliveryControllerTest.java:46)
</error>
    <system-out><![CDATA[
MockHttpServletRequest:
      HTTP Method = GET
      Request URI = /packaginganddelivery/packaginganddeliverycharge/Integra0l/1
       Parameters = {}
          Headers = [Content-Type:"application/json;charset=UTF-8"]
             Body = null
    Session Attrs = {}

Handler:
             Type = org.springframework.web.servlet.resource.ResourceHttpRequestHandler

Async:
    Async started = false
     Async result = null

Resolved Exception:
             Type = null

ModelAndView:
        View name = null
             View = null
            Model = null

FlashMap:
       Attributes = null

MockHttpServletResponse:
           Status = 404
    Error message = null
          Headers = [Vary:"Origin", "Access-Control-Request-Method", "Access-Control-Request-Headers"]
     Content type = null
             Body = 
    Forwarded URL = null
   Redirected URL = null
          Cookies = []
]]></system-out>
  </testcase>
  <testcase name="GetPackagingDeliveryChargeTest" classname="com.returnordermanag.packaginganddeliveryservice.controller.PackagingAndDeliveryControllerTest" time="0.011">
    <failure message="Status expected:&lt;200&gt; but was:&lt;404&gt;" type="java.lang.AssertionError"><![CDATA[java.lang.AssertionError: Status expected:<200> but was:<404>
	at com.returnordermanag.packaginganddeliveryservice.controller.PackagingAndDeliveryControllerTest.GetPackagingDeliveryChargeTest(PackagingAndDeliveryControllerTest.java:28)
]]></failure>
    <system-out><![CDATA[
MockHttpServletRequest:
      HTTP Method = GET
      Request URI = /packaginganddelivery/packaginganddeliverycharge/Integral/1
       Parameters = {}
          Headers = [Content-Type:"application/json;charset=UTF-8"]
             Body = null
    Session Attrs = {}

Handler:
             Type = org.springframework.web.servlet.resource.ResourceHttpRequestHandler

Async:
    Async started = false
     Async result = null

Resolved Exception:
             Type = null

ModelAndView:
        View name = null
             View = null
            Model = null

FlashMap:
       Attributes = null

MockHttpServletResponse:
           Status = 404
    Error message = null
          Headers = [Vary:"Origin", "Access-Control-Request-Method", "Access-Control-Request-Headers"]
     Content type = null
             Body = 
    Forwarded URL = null
   Redirected URL = null
          Cookies = []
]]></system-out>
  </testcase>
</testsuite>